<?xml version="1.0" encoding="UTF-8"?>
<testng-results ignored="0" total="2" passed="2" failed="0" skipped="0">
  <reporter-output>
  </reporter-output>
  <suite started-at="2021-07-10T11:51:25 IST" name="Default suite" finished-at="2021-07-10T11:51:25 IST" duration-ms="38">
    <groups>
    </groups>
    <test started-at="2021-07-10T11:51:25 IST" name="Default test" finished-at="2021-07-10T11:51:25 IST" duration-ms="38">
      <class name="test.UnitTestEx">
        <test-method signature="NegativeTest()[pri:0, instance:test.UnitTestEx@2e1d27ba]" started-at="2021-07-10T11:51:25 IST" name="NegativeTest" finished-at="2021-07-10T11:51:25 IST" duration-ms="7" status="PASS">
          <reporter-output>
          </reporter-output>
        </test-method> <!-- NegativeTest -->
        <test-method signature="PositiveTest()[pri:0, instance:test.UnitTestEx@2e1d27ba]" started-at="2021-07-10T11:51:25 IST" name="PositiveTest" finished-at="2021-07-10T11:51:25 IST" duration-ms="0" status="PASS">
          <reporter-output>
          </reporter-output>
        </test-method> <!-- PositiveTest -->
      </class> <!-- test.UnitTestEx -->
    </test> <!-- Default test -->
  </suite> <!-- Default suite -->
</testng-results>
