<?xml version="1.0" encoding="UTF-8"?>
<testng-results ignored="1" total="2" passed="1" failed="0" skipped="0">
  <reporter-output>
  </reporter-output>
  <suite started-at="2021-07-03T09:09:52 IST" name="Suite" finished-at="2021-07-03T09:10:03 IST" duration-ms="10580">
    <groups>
    </groups>
    <test started-at="2021-07-03T09:09:52 IST" name="Test" finished-at="2021-07-03T09:10:03 IST" duration-ms="10580">
      <class name="test.LoginTest">
        <test-method is-config="true" signature="setup()[pri:0, instance:test.LoginTest@21de60b4]" started-at="2021-07-03T09:09:52 IST" name="setup" finished-at="2021-07-03T09:09:55 IST" duration-ms="3172" status="PASS">
          <reporter-output>
          </reporter-output>
        </test-method> <!-- setup -->
        <test-method signature="LoginTest2()[pri:0, instance:test.LoginTest@21de60b4]" started-at="2021-07-03T09:09:55 IST" name="LoginTest2" finished-at="2021-07-03T09:10:02 IST" duration-ms="6520" status="PASS">
          <reporter-output>
          </reporter-output>
        </test-method> <!-- LoginTest2 -->
        <test-method is-config="true" signature="teardown()[pri:0, instance:test.LoginTest@21de60b4]" started-at="2021-07-03T09:10:02 IST" name="teardown" finished-at="2021-07-03T09:10:03 IST" duration-ms="857" status="PASS">
          <reporter-output>
          </reporter-output>
        </test-method> <!-- teardown -->
      </class> <!-- test.LoginTest -->
    </test> <!-- Test -->
  </suite> <!-- Suite -->
</testng-results>
